<?xml version="1.0" encoding="UTF-8"?>
<!-- Generated by org.testng.reporters.JUnitReportReporter -->
<testsuite skipped="0" hostname="ASDP1583PO02037" name="Tatoc.TatocMaven.TatocMain" tests="6" failures="0" timestamp="28 Jun 2018 12:45:16 GMT" time="6.612" errors="0">
  <testcase name="Verify_BasicCourse_Selection" time="0.733" classname="Tatoc.TatocMaven.TatocMain"/>
  <testcase name="Verify_GridGate" time="0.685" classname="Tatoc.TatocMaven.TatocMain"/>
  <testcase name="Verify_FrameDungeon" time="3.137" classname="Tatoc.TatocMaven.TatocMain"/>
  <testcase name="Verify_DragNDrop" time="0.249" classname="Tatoc.TatocMaven.TatocMain"/>
  <testcase name="Verify_PopupWindow" time="1.453" classname="Tatoc.TatocMaven.TatocMain"/>
  <testcase name="Verify_CookieHandling" time="0.355" classname="Tatoc.TatocMaven.TatocMain"/>
</testsuite> <!-- Tatoc.TatocMaven.TatocMain -->
